2019-05-06 12:15:30,389 [main] INFO  org.mule.module.launcher.application.DefaultMuleApplication - 
++++++++++++++++++++++++++++++++++++++++++++++++++++++++++++
+ Initializing app 'demomaven'                             +
++++++++++++++++++++++++++++++++++++++++++++++++++++++++++++
2019-05-06 12:15:30,674 [main] INFO  org.mule.lifecycle.AbstractLifecycleManager - Initialising RegistryBroker
2019-05-06 12:15:30,774 [main] INFO  org.mule.module.extension.internal.manager.DefaultExtensionManager - Starting discovery of extensions
2019-05-06 12:15:30,875 [main] INFO  org.mule.module.extension.internal.manager.DefaultExtensionManager - Discovered 1 extensions
2019-05-06 12:15:30,875 [main] INFO  org.mule.module.extension.internal.manager.DefaultExtensionManager - Registering extension validation (version 3.9)
2019-05-06 12:15:31,128 [main] INFO  org.mule.config.spring.MuleArtifactContext - Refreshing org.mule.config.spring.MuleArtifactContext@cf65451: startup date [Mon May 06 12:15:31 IST 2019]; root of context hierarchy
2019-05-06 12:15:32,497 [main] INFO  org.mule.config.spring.processors.NoDevkitInjectorProcessor - JSR-330 'javax.inject.Inject' annotation found and supported for autowiring
2019-05-06 12:15:33,286 [main] WARN  org.mule.module.ognl.expression.OgnlExpressionEvaluator - OGNL module is deprecated and will be removed in Mule 4.0. Use MEL expressions instead.
2019-05-06 12:15:33,565 [main] INFO  org.mule.util.journal.TransactionJournal - Using files for tx logs C:\Mulesoft\workspace\.mule\.\.mule\demomaven\queue-tx-log\tx1.log and C:\Mulesoft\workspace\.mule\.\.mule\demomaven\queue-tx-log\tx2.log
2019-05-06 12:15:33,577 [main] INFO  org.mule.util.journal.TransactionJournal - Using files for tx logs C:\Mulesoft\workspace\.mule\.\.mule\demomaven\queue-xa-tx-log\tx1.log and C:\Mulesoft\workspace\.mule\.\.mule\demomaven\queue-xa-tx-log\tx2.log
2019-05-06 12:15:33,658 [main] INFO  org.mule.lifecycle.AbstractLifecycleManager - Initialising model: _muleSystemModel
2019-05-06 12:15:33,668 [main] INFO  org.mule.construct.FlowConstructLifecycleManager - Initialising flow: demomavenFlow
2019-05-06 12:15:33,668 [main] INFO  org.mule.exception.DefaultMessagingExceptionStrategy - Initialising exception listener: org.mule.exception.DefaultMessagingExceptionStrategy@6587305a
2019-05-06 12:15:33,696 [main] INFO  org.mule.processor.SedaStageLifecycleManager - Initialising service: demomavenFlow.stage1
2019-05-06 12:15:34,145 [main] INFO  org.mule.config.spring.SpringXmlConfigurationBuilder - Configured Mule using "org.mule.config.spring.SpringXmlConfigurationBuilder" with configuration resource(s): "[ConfigResource{resourceName='C:\Mulesoft\workspace\.mule\apps\demomaven\demomaven.xml'}]"
2019-05-06 12:15:34,145 [main] INFO  org.mule.config.builders.AutoConfigurationBuilder - Configured Mule using "org.mule.config.builders.AutoConfigurationBuilder" with configuration resource(s): "[ConfigResource{resourceName='C:\Mulesoft\workspace\.mule\apps\demomaven\demomaven.xml'}]"
2019-05-06 12:15:34,145 [main] INFO  org.mule.module.launcher.application.DefaultMuleApplication - 
++++++++++++++++++++++++++++++++++++++++++++++++++++++++++++
+ Starting app 'demomaven'                                 +
++++++++++++++++++++++++++++++++++++++++++++++++++++++++++++
2019-05-06 12:15:34,161 [main] INFO  org.mule.util.queue.QueueXaResourceManager - Starting ResourceManager
2019-05-06 12:15:34,161 [main] INFO  org.mule.util.queue.QueueXaResourceManager - Started ResourceManager
2019-05-06 12:15:34,198 [main] INFO  org.mule.module.http.internal.listener.DefaultHttpListenerConfig - Listening for requests on http://0.0.0.0:8081
2019-05-06 12:15:34,198 [main] INFO  org.mule.modules.oauth2.provider.agents.DefaultSplashScreenAgent - 
++++++++++++++++++++++++++++++++++++++++++++++++++++++++++++++++++++++++++++++++
+ DevKit Extensions (0) used in this application 
                             +
++++++++++++++++++++++++++++++++++++++++++++++++++++++++++++++++++++++++++++++++
2019-05-06 12:15:34,198 [main] INFO  org.mule.lifecycle.AbstractLifecycleManager - Starting model: _muleSystemModel
2019-05-06 12:15:34,198 [main] INFO  org.mule.construct.FlowConstructLifecycleManager - Starting flow: demomavenFlow
2019-05-06 12:15:34,198 [main] INFO  org.mule.processor.SedaStageLifecycleManager - Starting service: demomavenFlow.stage1
2019-05-06 12:15:34,245 [main] INFO  org.mule.module.management.agent.WrapperManagerAgent - This JVM hasn't been launched by the wrapper, the agent will not run.
2019-05-06 12:15:34,298 [main] INFO  org.mule.DefaultMuleContext - 
**********************************************************************
* Application: demomaven                                             *
* OS encoding: \, Mule encoding: UTF-8                               *
*                                                                    *
* Agents Running:                                                    *
*   DevKit Extension Information                                     *
*   Batch module default engine                                      *
*   JMX Agent                                                        *
*   Wrapper Manager                                                  *
**********************************************************************
2019-05-06 12:16:55,866 [[demomaven].HTTP_Listener_Configuration.worker.01] INFO  org.mule.module.http.internal.listener.HttpListenerRegistry - No listener found for request: (GET)/favicon.ico
2019-05-06 12:16:55,866 [[demomaven].HTTP_Listener_Configuration.worker.01] INFO  org.mule.module.http.internal.listener.HttpListenerRegistry - Available listeners are: [(*)/]
