2019-05-14 16:04:37,359 [main] INFO  org.mule.module.launcher.application.DefaultMuleApplication - 
++++++++++++++++++++++++++++++++++++++++++++++++++++++++++++
+ Initializing app 'standalone'                            +
++++++++++++++++++++++++++++++++++++++++++++++++++++++++++++
2019-05-14 16:04:37,739 [main] INFO  org.mule.lifecycle.AbstractLifecycleManager - Initialising RegistryBroker
2019-05-14 16:04:37,928 [main] INFO  org.mule.module.extension.internal.manager.DefaultExtensionManager - Starting discovery of extensions
2019-05-14 16:04:38,288 [main] INFO  org.mule.module.extension.internal.manager.DefaultExtensionManager - Discovered 1 extensions
2019-05-14 16:04:38,288 [main] INFO  org.mule.module.extension.internal.manager.DefaultExtensionManager - Registering extension validation (version 3.9)
2019-05-14 16:04:38,419 [main] INFO  org.mule.config.spring.MuleArtifactContext - Refreshing org.mule.config.spring.MuleArtifactContext@724f138e: startup date [Tue May 14 16:04:38 IST 2019]; root of context hierarchy
2019-05-14 16:04:40,093 [main] INFO  org.mule.config.spring.processors.NoDevkitInjectorProcessor - JSR-330 'javax.inject.Inject' annotation found and supported for autowiring
2019-05-14 16:04:41,277 [main] WARN  org.mule.module.ognl.expression.OgnlExpressionEvaluator - OGNL module is deprecated and will be removed in Mule 4.0. Use MEL expressions instead.
2019-05-14 16:04:41,729 [main] INFO  org.mule.util.journal.TransactionJournal - Using files for tx logs C:\Mulesoft\workspace\.mule\.\.mule\standalone\queue-tx-log\tx1.log and C:\Mulesoft\workspace\.mule\.\.mule\standalone\queue-tx-log\tx2.log
2019-05-14 16:04:41,749 [main] INFO  org.mule.util.journal.TransactionJournal - Using files for tx logs C:\Mulesoft\workspace\.mule\.\.mule\standalone\queue-xa-tx-log\tx1.log and C:\Mulesoft\workspace\.mule\.\.mule\standalone\queue-xa-tx-log\tx2.log
2019-05-14 16:04:41,889 [main] INFO  org.mule.lifecycle.AbstractLifecycleManager - Initialising model: _muleSystemModel
2019-05-14 16:04:41,889 [main] INFO  org.mule.construct.FlowConstructLifecycleManager - Initialising flow: standaloneFlow
2019-05-14 16:04:41,898 [main] INFO  org.mule.exception.DefaultMessagingExceptionStrategy - Initialising exception listener: org.mule.exception.DefaultMessagingExceptionStrategy@74d6736
2019-05-14 16:04:41,939 [main] INFO  org.mule.processor.SedaStageLifecycleManager - Initialising service: standaloneFlow.stage1
2019-05-14 16:04:42,414 [main] INFO  org.mule.config.spring.SpringXmlConfigurationBuilder - Configured Mule using "org.mule.config.spring.SpringXmlConfigurationBuilder" with configuration resource(s): "[ConfigResource{resourceName='C:\Mulesoft\workspace\.mule\apps\standalone\standalone.xml'}]"
2019-05-14 16:04:42,414 [main] INFO  org.mule.config.builders.AutoConfigurationBuilder - Configured Mule using "org.mule.config.builders.AutoConfigurationBuilder" with configuration resource(s): "[ConfigResource{resourceName='C:\Mulesoft\workspace\.mule\apps\standalone\standalone.xml'}]"
2019-05-14 16:04:42,420 [main] INFO  org.mule.module.launcher.application.DefaultMuleApplication - 
++++++++++++++++++++++++++++++++++++++++++++++++++++++++++++
+ Starting app 'standalone'                                +
++++++++++++++++++++++++++++++++++++++++++++++++++++++++++++
2019-05-14 16:04:42,420 [main] INFO  org.mule.util.queue.QueueXaResourceManager - Starting ResourceManager
2019-05-14 16:04:42,420 [main] INFO  org.mule.util.queue.QueueXaResourceManager - Started ResourceManager
2019-05-14 16:04:42,493 [main] INFO  org.mule.module.http.internal.listener.DefaultHttpListenerConfig - Listening for requests on http://0.0.0.0:8081
2019-05-14 16:04:42,498 [main] INFO  org.mule.modules.oauth2.provider.agents.DefaultSplashScreenAgent - 
++++++++++++++++++++++++++++++++++++++++++++++++++++++++++++++++++++++++++++++++
+ DevKit Extensions (0) used in this application 
                             +
++++++++++++++++++++++++++++++++++++++++++++++++++++++++++++++++++++++++++++++++
2019-05-14 16:04:42,498 [main] INFO  org.mule.lifecycle.AbstractLifecycleManager - Starting model: _muleSystemModel
2019-05-14 16:04:42,503 [main] INFO  org.mule.construct.FlowConstructLifecycleManager - Starting flow: standaloneFlow
2019-05-14 16:04:42,503 [main] INFO  org.mule.processor.SedaStageLifecycleManager - Starting service: standaloneFlow.stage1
2019-05-14 16:04:42,619 [main] INFO  org.mule.module.management.agent.WrapperManagerAgent - This JVM hasn't been launched by the wrapper, the agent will not run.
2019-05-14 16:04:42,769 [main] INFO  org.mule.DefaultMuleContext - 
**********************************************************************
* Application: standalone                                            *
* OS encoding: \, Mule encoding: UTF-8                               *
*                                                                    *
* Agents Running:                                                    *
*   DevKit Extension Information                                     *
*   Batch module default engine                                      *
*   JMX Agent                                                        *
*   Wrapper Manager                                                  *
**********************************************************************
2019-05-14 16:05:03,329 [[standalone].HTTP_Listener_Configuration.worker.01] INFO  org.mule.api.processor.LoggerMessageProcessor - "Deployment done"
